<?xml version="1.0" encoding="UTF-8"?>
<testng-results ignored="2" total="4" passed="2" failed="0" skipped="0">
  <reporter-output>
  </reporter-output>
  <suite started-at="2025-05-29T18:59:14 IST" name="myTestSuite" finished-at="2025-05-29T18:59:33 IST" duration-ms="18478">
    <groups>
      <group name="smoke">
        <method signature="LoginTest.verifySigninWithInvalidUsernameAndValidPassword()[pri:0, instance:testscript.LoginTest@69453e37]" name="verifySigninWithInvalidUsernameAndValidPassword" class="testscript.LoginTest"/>
        <method signature="LoginTest.verifyUserLoginWithValidCredential()[pri:0, instance:testscript.LoginTest@69453e37]" name="verifyUserLoginWithValidCredential" class="testscript.LoginTest"/>
      </group> <!-- smoke -->
    </groups>
    <test started-at="2025-05-29T18:59:14 IST" name="groupTest" finished-at="2025-05-29T18:59:33 IST" duration-ms="18478">
      <class name="testscript.LoginTest">
        <test-method is-config="true" signature="InitialiseBrowser(java.lang.String)[pri:0, instance:testscript.LoginTest@69453e37]" started-at="2025-05-29T18:59:14 IST" name="InitialiseBrowser" finished-at="2025-05-29T18:59:23 IST" duration-ms="8646" status="PASS">
          <params>
            <param index="0">
              <value>
                <![CDATA[Chrome]]>
              </value>
            </param>
          </params>
          <reporter-output>
          </reporter-output>
        </test-method> <!-- InitialiseBrowser -->
        <test-method signature="verifySigninWithInvalidUsernameAndValidPassword()[pri:0, instance:testscript.LoginTest@69453e37]" started-at="2025-05-29T18:59:23 IST" name="verifySigninWithInvalidUsernameAndValidPassword" finished-at="2025-05-29T18:59:24 IST" duration-ms="1195" status="PASS">
          <reporter-output>
          </reporter-output>
        </test-method> <!-- verifySigninWithInvalidUsernameAndValidPassword -->
        <test-method is-config="true" signature="driverQuit(org.testng.ITestResult)[pri:0, instance:testscript.LoginTest@69453e37]" started-at="2025-05-29T18:59:24 IST" name="driverQuit" finished-at="2025-05-29T18:59:24 IST" duration-ms="87" status="PASS">
          <params>
            <param index="0">
              <value>
                <![CDATA[[TestResult name=verifySigninWithInvalidUsernameAndValidPassword status=SUCCESS method=LoginTest.verifySigninWithInvalidUsernameAndValidPassword()[pri:0, instance:testscript.LoginTest@69453e37] output={null}]]]>
              </value>
            </param>
          </params>
          <reporter-output>
          </reporter-output>
        </test-method> <!-- driverQuit -->
        <test-method is-config="true" signature="InitialiseBrowser(java.lang.String)[pri:0, instance:testscript.LoginTest@69453e37]" started-at="2025-05-29T18:59:24 IST" name="InitialiseBrowser" finished-at="2025-05-29T18:59:30 IST" duration-ms="6214" status="PASS">
          <params>
            <param index="0">
              <value>
                <![CDATA[Chrome]]>
              </value>
            </param>
          </params>
          <reporter-output>
          </reporter-output>
        </test-method> <!-- InitialiseBrowser -->
        <test-method signature="verifyUserLoginWithValidCredential()[pri:0, instance:testscript.LoginTest@69453e37]" started-at="2025-05-29T18:59:30 IST" name="verifyUserLoginWithValidCredential" finished-at="2025-05-29T18:59:33 IST" duration-ms="2238" status="PASS">
          <reporter-output>
          </reporter-output>
        </test-method> <!-- verifyUserLoginWithValidCredential -->
        <test-method is-config="true" signature="driverQuit(org.testng.ITestResult)[pri:0, instance:testscript.LoginTest@69453e37]" started-at="2025-05-29T18:59:33 IST" name="driverQuit" finished-at="2025-05-29T18:59:33 IST" duration-ms="84" status="PASS">
          <params>
            <param index="0">
              <value>
                <![CDATA[[TestResult name=verifyUserLoginWithValidCredential status=SUCCESS method=LoginTest.verifyUserLoginWithValidCredential()[pri:0, instance:testscript.LoginTest@69453e37] output={null}]]]>
              </value>
            </param>
          </params>
          <reporter-output>
          </reporter-output>
        </test-method> <!-- driverQuit -->
      </class> <!-- testscript.LoginTest -->
    </test> <!-- groupTest -->
  </suite> <!-- myTestSuite -->
</testng-results>
