<?xml version="1.0" encoding="UTF-8"?>
<!-- Generated by org.testng.reporters.JUnitXMLReporter -->
<testsuite ignored="2" hostname="Mac.alphionsee.in" failures="0" tests="2" name="groupTest" time="18.478" errors="0" timestamp="2025-05-29T18:59:33 IST">
  <testcase classname="testscript.LoginTest" name="verifySigninWithInvalidUsernameAndValidPassword" time="1.195"/>
  <testcase classname="testscript.LoginTest" name="verifyUserLoginWithValidCredential" time="2.238"/>
  <testcase classname="testscript.LoginTest" name="verifySigninWithValidUsernameAndInvalidPassword" time="0.0">
    <ignored/>
  </testcase> <!-- verifySigninWithValidUsernameAndInvalidPassword -->
  <testcase classname="testscript.LoginTest" name="verifyLoginWithInvalidUsernameInvalidPassword" time="0.0">
    <ignored/>
  </testcase> <!-- verifyLoginWithInvalidUsernameInvalidPassword -->
</testsuite> <!-- groupTest -->
