<?xml version="1.0" encoding="UTF-8"?>
<!-- Generated by org.testng.reporters.JUnitXMLReporter -->
<testsuite ignored="0" hostname="Mac.alphionsee.in" failures="0" tests="13" name="myTest" time="129.782" errors="0" timestamp="2025-05-27T12:45:47 IST">
  <testcase classname="testscript.LoginTest" name="verifySigninWithInvalidCredentials" time="1.054"/>
  <testcase classname="testscript.LoginTest" name="verifySigninWithInvalidUsernameAndValidPassword" time="1.023"/>
  <testcase classname="testscript.LoginTest" name="verifySigninWithValidUsernameAndInvalidPassword" time="1.196"/>
  <testcase classname="testscript.LoginTest" name="verifyUserLoginWithValidCredential" time="2.676"/>
  <testcase classname="testscript.CategoryTest" name="createNewCategory" time="6.509"/>
  <testcase classname="testscript.CategoryTest" name="editNewCategory" time="4.49"/>
  <testcase classname="testscript.CategoryTest" name="searchName" time="3.614"/>
  <testcase classname="testscript.ContactTest" name="editContactDetails" time="5.204"/>
  <testcase classname="testscript.FooterTextTest" name="managefooterText" time="4.26"/>
  <testcase classname="testscript.NewsTest" name="deleteNews" time="3.495"/>
  <testcase classname="testscript.NewsTest" name="editNews" time="4.285"/>
  <testcase classname="testscript.NewsTest" name="generateNews" time="3.803"/>
  <testcase classname="testscript.NewsTest" name="searchNewsInTitleField" time="3.934"/>
</testsuite> <!-- myTest -->
