<?xml version="1.0" encoding="UTF-8"?>
<!-- Generated by org.testng.reporters.JUnitXMLReporter -->
<testsuite ignored="0" hostname="Mac.alphionsee.in" failures="0" tests="3" name="test2" time="13.597" errors="0" timestamp="2025-05-23T10:27:41 IST">
  <testcase classname="testscript.CategoryTest" name="createNewCategory" time="4.5"/>
  <testcase classname="testscript.CategoryTest" name="editNewCategory" time="1.64"/>
  <testcase classname="testscript.CategoryTest" name="searchName" time="0.887"/>
</testsuite> <!-- test2 -->
