<?xml version="1.0" encoding="UTF-8"?>
<!-- Generated by org.testng.reporters.JUnitXMLReporter -->
<testsuite ignored="0" hostname="Mac.alphionsee.in" failures="0" tests="4" name="test1" time="9.861" errors="0" timestamp="2025-05-23T10:27:37 IST">
  <testcase classname="testscript.LoginTest" name="verifySigninWithInvalidCredentials" time="0.451"/>
  <testcase classname="testscript.LoginTest" name="verifySigninWithInvalidUsernameAndValidPassword" time="0.204"/>
  <testcase classname="testscript.LoginTest" name="verifySigninWithValidUsernameAndInvalidPassword" time="0.233"/>
  <testcase classname="testscript.LoginTest" name="verifyUserLoginWithValidCredential" time="0.633"/>
</testsuite> <!-- test1 -->
