<?xml version="1.0" encoding="UTF-8"?>
<!-- Generated by org.testng.reporters.JUnitXMLReporter -->
<testsuite ignored="0" hostname="Mac.alphionsee.in" failures="1" tests="3" name="test2" time="19.484" errors="0" timestamp="2025-05-23T10:42:15 IST">
  <testcase classname="testscript.CategoryTest" name="createNewCategory" time="5.278"/>
  <testcase classname="testscript.CategoryTest" name="editNewCategory" time="1.329"/>
  <testcase classname="testscript.CategoryTest" name="searchName" time="0.984">
    <failure type="org.openqa.selenium.StaleElementReferenceException" message="The element with the reference b66f9ee3-3552-42ac-826f-3da51a36aad1 is stale; either its node document is not the active document, or it is no longer connected to the DOM
For documentation on this error, please visit: https://www.selenium.dev/documentation/webdriver/troubleshooting/errors#stale-element-reference-exception
Build info: version: &amp;apos;4.31.0&amp;apos;, revision: &amp;apos;1ef9f18787*&amp;apos;
System info: os.name: &amp;apos;Mac OS X&amp;apos;, os.arch: &amp;apos;x86_64&amp;apos;, os.version: &amp;apos;15.1.1&amp;apos;, java.version: &amp;apos;23.0.2&amp;apos;
Driver info: org.openqa.selenium.firefox.FirefoxDriver
Command: [43d28647-d641-4e29-a683-600ce86e70f4, getElementText {id=b66f9ee3-3552-42ac-826f-3da51a36aad1}]
Capabilities {acceptInsecureCerts: true, browserName: firefox, browserVersion: 138.0.4, moz:accessibilityChecks: false, moz:buildID: 20250517143237, moz:geckodriverVersion: 0.36.0, moz:headless: false, moz:platformVersion: 24.1.0, moz:processID: 2199, moz:profile: /var/folders/1c/7ftf0fn14j9..., moz:shutdownTimeout: 60000, moz:webdriverClick: true, moz:windowless: false, pageLoadStrategy: normal, platformName: mac, proxy: Proxy(), setWindowRect: true, strictFileInteractability: false, timeouts: {implicit: 0, pageLoad: 300000, script: 30000}, unhandledPromptBehavior: dismiss and notify, userAgent: Mozilla/5.0 (Macintosh; Int...}
Element: [[FirefoxDriver: firefox on mac (43d28647-d641-4e29-a683-600ce86e70f4)] -&amp;gt; xpath: //table[@class=&amp;apos;table table-bordered table-hover table-sm&amp;apos;]//tr//td[1]]
Session ID: 43d28647-d641-4e29-a683-600ce86e70f4">
      <![CDATA[org.openqa.selenium.StaleElementReferenceException: The element with the reference b66f9ee3-3552-42ac-826f-3da51a36aad1 is stale; either its node document is not the active document, or it is no longer connected to the DOM
For documentation on this error, please visit: https://www.selenium.dev/documentation/webdriver/troubleshooting/errors#stale-element-reference-exception
Build info: version: '4.31.0', revision: '1ef9f18787*'
System info: os.name: 'Mac OS X', os.arch: 'x86_64', os.version: '15.1.1', java.version: '23.0.2'
Driver info: org.openqa.selenium.firefox.FirefoxDriver
Command: [43d28647-d641-4e29-a683-600ce86e70f4, getElementText {id=b66f9ee3-3552-42ac-826f-3da51a36aad1}]
Capabilities {acceptInsecureCerts: true, browserName: firefox, browserVersion: 138.0.4, moz:accessibilityChecks: false, moz:buildID: 20250517143237, moz:geckodriverVersion: 0.36.0, moz:headless: false, moz:platformVersion: 24.1.0, moz:processID: 2199, moz:profile: /var/folders/1c/7ftf0fn14j9..., moz:shutdownTimeout: 60000, moz:webdriverClick: true, moz:windowless: false, pageLoadStrategy: normal, platformName: mac, proxy: Proxy(), setWindowRect: true, strictFileInteractability: false, timeouts: {implicit: 0, pageLoad: 300000, script: 30000}, unhandledPromptBehavior: dismiss and notify, userAgent: Mozilla/5.0 (Macintosh; Int...}
Element: [[FirefoxDriver: firefox on mac (43d28647-d641-4e29-a683-600ce86e70f4)] -> xpath: //table[@class='table table-bordered table-hover table-sm']//tr//td[1]]
Session ID: 43d28647-d641-4e29-a683-600ce86e70f4
at org.openqa.selenium.remote.ErrorCodec.decode(ErrorCodec.java:167)
at org.openqa.selenium.remote.codec.w3c.W3CHttpResponseCodec.decode(W3CHttpResponseCodec.java:138)
at org.openqa.selenium.remote.codec.w3c.W3CHttpResponseCodec.decode(W3CHttpResponseCodec.java:50)
at org.openqa.selenium.remote.HttpCommandExecutor.execute(HttpCommandExecutor.java:215)
at org.openqa.selenium.remote.service.DriverCommandExecutor.invokeExecute(DriverCommandExecutor.java:216)
at org.openqa.selenium.remote.service.DriverCommandExecutor.execute(DriverCommandExecutor.java:174)
at org.openqa.selenium.remote.RemoteWebDriver.execute(RemoteWebDriver.java:545)
at org.openqa.selenium.remote.RemoteWebElement.execute(RemoteWebElement.java:223)
at org.openqa.selenium.remote.RemoteWebElement.getText(RemoteWebElement.java:191)
at pages.CategoryPage.searchCategoryInSearchField(CategoryPage.java:83)
at testscript.CategoryTest.searchName(CategoryTest.java:46)
at java.base/java.util.ArrayList.forEach(ArrayList.java:1597)
at java.base/java.util.concurrent.FutureTask.run(FutureTask.java:317)
at java.base/java.util.concurrent.ThreadPoolExecutor.runWorker(ThreadPoolExecutor.java:1144)
at java.base/java.util.concurrent.ThreadPoolExecutor$Worker.run(ThreadPoolExecutor.java:642)
at java.base/java.lang.Thread.run(Thread.java:1575)
... Removed 18 stack frames]]>
    </failure>
  </testcase> <!-- searchName -->
</testsuite> <!-- test2 -->
