<?xml version="1.0" encoding="UTF-8"?>
<!-- Generated by org.testng.reporters.JUnitXMLReporter -->
<testsuite ignored="0" hostname="Mac.alphionsee.in" failures="0" tests="4" name="test1" time="10.235" errors="0" timestamp="2025-05-23T10:42:06 IST">
  <testcase classname="testscript.LoginTest" name="verifySigninWithInvalidCredentials" time="0.279"/>
  <testcase classname="testscript.LoginTest" name="verifySigninWithInvalidUsernameAndValidPassword" time="0.257"/>
  <testcase classname="testscript.LoginTest" name="verifySigninWithValidUsernameAndInvalidPassword" time="0.229"/>
  <testcase classname="testscript.LoginTest" name="verifyUserLoginWithValidCredential" time="0.573"/>
</testsuite> <!-- test1 -->
